[debug] [2024-04-08T12:00:58.602Z] ----------------------------------------------------------------------
[debug] [2024-04-08T12:00:58.604Z] Command:       C:\Program Files\nodejs\node.exe C:\Users\krishnamoorthy\AppData\Roaming\npm\node_modules\firebase-tools\lib\bin\firebase.js init
[debug] [2024-04-08T12:00:58.605Z] CLI Version:   13.7.1
[debug] [2024-04-08T12:00:58.605Z] Platform:      win32
[debug] [2024-04-08T12:00:58.605Z] Node Version:  v21.6.2
[debug] [2024-04-08T12:00:58.605Z] Time:          Mon Apr 08 2024 17:30:58 GMT+0530 (India Standard Time)
[debug] [2024-04-08T12:00:58.605Z] ----------------------------------------------------------------------
[debug] 
[debug] [2024-04-08T12:00:58.612Z] > command requires scopes: ["email","openid","https://www.googleapis.com/auth/cloudplatformprojects.readonly","https://www.googleapis.com/auth/firebase","https://www.googleapis.com/auth/cloud-platform"]
[debug] [2024-04-08T12:00:58.613Z] > authorizing via signed-in user (krishna100602@gmail.com)
[info] 
     ######## #### ########  ######## ########     ###     ######  ########
     ##        ##  ##     ## ##       ##     ##  ##   ##  ##       ##
     ######    ##  ########  ######   ########  #########  ######  ######
     ##        ##  ##    ##  ##       ##     ## ##     ##       ## ##
     ##       #### ##     ## ######## ########  ##     ##  ######  ########

You're about to initialize a Firebase project in this directory:

  C:\Users\krishnamoorthy\Desktop\gilma_3

[debug] [2024-04-08T12:02:34.923Z] Error: Timed out.
    at Timeout._onTimeout (C:\Users\krishnamoorthy\AppData\Roaming\npm\node_modules\firebase-tools\lib\utils.js:258:49)
    at listOnTimeout (node:internal/timers:573:17)
    at process.processTimers (node:internal/timers:514:7)
[error] 
[error] Error: An unexpected error has occurred.
